c:\users\tombleroneee\source\repos\solution1\not-sirius\tork\intermediate\private\tork5.pch
c:\users\tombleroneee\source\repos\solution1\not-sirius\tork\intermediate\private\vc141.pdb
c:\users\tombleroneee\source\repos\solution1\not-sirius\tork\intermediate\private\pch.obj
c:\users\tombleroneee\source\repos\solution1\not-sirius\tork\intermediate\private\vector.obj
c:\users\tombleroneee\source\repos\solution1\not-sirius\tork\intermediate\private\user_interface.obj
c:\users\tombleroneee\source\repos\solution1\not-sirius\tork\intermediate\private\spotify_int.obj
c:\users\tombleroneee\source\repos\solution1\not-sirius\tork\intermediate\private\signatures.obj
c:\users\tombleroneee\source\repos\solution1\not-sirius\tork\intermediate\private\menu.obj
c:\users\tombleroneee\source\repos\solution1\not-sirius\tork\intermediate\private\memory.obj
c:\users\tombleroneee\source\repos\solution1\not-sirius\tork\intermediate\private\keyboard.obj
c:\users\tombleroneee\source\repos\solution1\not-sirius\tork\intermediate\private\input_hook.obj
c:\users\tombleroneee\source\repos\solution1\not-sirius\tork\intermediate\private\input.obj
c:\users\tombleroneee\source\repos\solution1\not-sirius\tork\intermediate\private\hooking.obj
c:\users\tombleroneee\source\repos\solution1\not-sirius\tork\intermediate\private\features.obj
c:\users\tombleroneee\source\repos\solution1\not-sirius\tork\intermediate\private\dllmain.obj
c:\users\tombleroneee\source\repos\solution1\not-sirius\tork\intermediate\private\discord_int.obj
c:\users\tombleroneee\source\repos\solution1\not-sirius\tork\intermediate\private\functions.obj
c:\users\tombleroneee\source\repos\solution1\not-sirius\build\private\tork5.dll
c:\users\tombleroneee\source\repos\solution1\not-sirius\build\private\tork5.pdb
c:\users\tombleroneee\source\repos\solution1\not-sirius\build\private\tork5.ipdb
c:\users\tombleroneee\source\repos\solution1\not-sirius\build\private\tork5.iobj
c:\users\tombleroneee\source\repos\solution1\not-sirius\\build\private\tork5.pdb
c:\users\tombleroneee\source\repos\solution1\not-sirius\\build\private\tork5.dll
c:\users\tombleroneee\source\repos\solution1\not-sirius\tork\intermediate\private\tork.tlog\cl.command.1.tlog
c:\users\tombleroneee\source\repos\solution1\not-sirius\tork\intermediate\private\tork.tlog\cl.read.1.tlog
c:\users\tombleroneee\source\repos\solution1\not-sirius\tork\intermediate\private\tork.tlog\cl.write.1.tlog
c:\users\tombleroneee\source\repos\solution1\not-sirius\tork\intermediate\private\tork.tlog\link.command.1.tlog
c:\users\tombleroneee\source\repos\solution1\not-sirius\tork\intermediate\private\tork.tlog\link.read.1.tlog
c:\users\tombleroneee\source\repos\solution1\not-sirius\tork\intermediate\private\tork.tlog\link.write.1.tlog
c:\users\tombleroneee\source\repos\solution1\not-sirius\tork\intermediate\private\tork.tlog\tork.write.1u.tlog
